[debug] [2022-04-04T07:19:06.732Z] ----------------------------------------------------------------------
[debug] [2022-04-04T07:19:06.736Z] Command:       C:\Program Files\nodejs\node.exe C:\Users\Maxime\AppData\Roaming\npm\node_modules\firebase-tools\lib\bin\firebase.js init
[debug] [2022-04-04T07:19:06.736Z] CLI Version:   9.20.0
[debug] [2022-04-04T07:19:06.737Z] Platform:      win32
[debug] [2022-04-04T07:19:06.737Z] Node Version:  v14.17.6
[debug] [2022-04-04T07:19:06.739Z] Time:          Mon Apr 04 2022 09:19:06 GMT+0200 (heure d’été d’Europe centrale)
[debug] [2022-04-04T07:19:06.739Z] ----------------------------------------------------------------------
[debug] 
[debug] [2022-04-04T07:19:06.744Z] >>> [apiv2][query] GET https://firebase-public.firebaseio.com/cli.json [none]
[debug] [2022-04-04T07:19:06.841Z] > command requires scopes: ["email","openid","https://www.googleapis.com/auth/cloudplatformprojects.readonly","https://www.googleapis.com/auth/firebase","https://www.googleapis.com/auth/cloud-platform"]
[debug] [2022-04-04T07:19:06.841Z] > authorizing via signed-in user (maximew2000@gmail.com)
[info] 
     ######## #### ########  ######## ########     ###     ######  ########
     ##        ##  ##     ## ##       ##     ##  ##   ##  ##       ##
     ######    ##  ########  ######   ########  #########  ######  ######
     ##        ##  ##    ##  ##       ##     ## ##     ##       ## ##
     ##       #### ##     ## ######## ########  ##     ##  ######  ########

You're about to initialize a Firebase project in this directory:

  D:\Stage\project-manager

Before we get started, keep in mind:

  * You are initializing within an existing Firebase project directory

[debug] [2022-04-04T07:19:07.428Z] <<< [apiv2][status] GET https://firebase-public.firebaseio.com/cli.json 200
[debug] [2022-04-04T07:19:07.429Z] <<< [apiv2][body] GET https://firebase-public.firebaseio.com/cli.json {"cloudBuildErrorAfter":1594252800000,"cloudBuildWarnAfter":1590019200000,"defaultNode10After":1594252800000,"minVersion":"3.0.5","node8DeploysDisabledAfter":1613390400000,"node8RuntimeDisabledAfter":1615809600000,"node8WarnAfter":1600128000000}
